#
# A fatal error has been detected by the Java Runtime Environment:
#
#  EXCEPTION_ACCESS_VIOLATION (0xc0000005) at pc=0x00007ffa2f33f0d2, pid=8440, tid=7280
#
# JRE version: Java(TM) SE Runtime Environment (15.0.1+9) (build 15.0.1+9-18)
# Java VM: Java HotSpot(TM) 64-Bit Server VM (15.0.1+9-18, mixed mode, sharing, tiered, compressed oops, parallel gc, windows-amd64)
# Problematic frame:
# V  [jvm.dll+0x65f0d2]
#
# No core dump will be written. Minidumps are not enabled by default on client versions of Windows
#
# If you would like to submit a bug report, please visit:
#   https://bugreport.java.com/bugreport/crash.jsp
#

---------------  S U M M A R Y ------------

Command Line: --add-modules=ALL-SYSTEM --add-opens=java.base/java.util=ALL-UNNAMED --add-opens=java.base/java.lang=ALL-UNNAMED -Declipse.application=org.eclipse.jdt.ls.core.id1 -Dosgi.bundles.defaultStartLevel=4 -Declipse.product=org.eclipse.jdt.ls.core.product -Dfile.encoding=utf8 -DwatchParentProcess=false -XX:+UseParallelGC -XX:GCTimeRatio=4 -XX:AdaptiveSizePolicyWeight=90 -Dsun.zip.disableMemoryMapping=true -Xmx1G -Xms100m -javaagent:c:\Users\augul\.vscode\extensions\gabrielbb.vscode-lombok-1.0.1\server\lombok.jar c:\Users\augul\.vscode\extensions\redhat.java-1.0.0\server\plugins\org.eclipse.equinox.launcher_1.6.400.v20210924-0641.jar -configuration c:\Users\augul\AppData\Roaming\Code\User\globalStorage\redhat.java\1.0.0\config_win -data c:\Users\augul\AppData\Roaming\Code\User\workspaceStorage\7f62dad54a09e7ae6ec3c85949ff076d\redhat.java\jdt_ws

Host: Intel(R) Core(TM) i7-7820HK CPU @ 2.90GHz, 8 cores, 31G,  Windows 10 , 64 bit Build 19041 (10.0.19041.1202)
Time: Wed Nov  3 23:36:48 2021 Hora oficial do Brasil elapsed time: 29287.269652 seconds (0d 8h 8m 7s)

---------------  T H R E A D  ---------------

Current thread (0x000001a681a20560):  GCTaskThread "GC Thread#4" [stack: 0x0000008573600000,0x0000008573700000] [id=7280]

Stack: [0x0000008573600000,0x0000008573700000],  sp=0x00000085736ff8a0,  free space=1022k
Native frames: (J=compiled Java code, j=interpreted, Vv=VM code, C=native code)
V  [jvm.dll+0x65f0d2]
V  [jvm.dll+0x65e4b5]
V  [jvm.dll+0x65e83a]
V  [jvm.dll+0x667441]
V  [jvm.dll+0x668353]
V  [jvm.dll+0x7adba0]
V  [jvm.dll+0x73d65a]
V  [jvm.dll+0x629c56]
C  [ucrtbase.dll+0x21bb2]
C  [KERNEL32.DLL+0x17034]
C  [ntdll.dll+0x52651]


siginfo: EXCEPTION_ACCESS_VIOLATION (0xc0000005), reading address 0x0000000840000010


Register to memory mapping:

RIP=0x00007ffa2f33f0d2 jvm.dll
RAX=0x0000000000000001 is an unknown value
RBX=
[error occurred during error reporting (printing register info), id 0xc0000005, EXCEPTION_ACCESS_VIOLATION (0xc0000005) at pc=0x00007ffa2f317056]

Registers:
RAX=0x0000000000000001, RBX=0x00000000c264cb50, RCX=0x0000000000000003, RDX=0x00000000c264cb80
RSP=0x00000085736ff8a0, RBP=0x00000000c264cb14, RSI=0x000001a6fe6cd850, RDI=0x00000000c264cb50
R8 =0x0000000840000008, R9 =0x0000000000013265, R10=0x00000000004c9970, R11=0x00000000c264caf8
R12=0x000001a6fe6cd950, R13=0x0000000000000000, R14=0x0000000000009435, R15=0x00000000c264caf8
RIP=0x00007ffa2f33f0d2, EFLAGS=0x0000000000010202

Top of Stack: (sp=0x00000085736ff8a0)
0x00000085736ff8a0:   00000000c264cb80 00000000c264cb14
0x00000085736ff8b0:   000001a6fe6cd850 0000000000000003
0x00000085736ff8c0:   00000000c264cb50 00007ffa2f33e4b5
0x00000085736ff8d0:   00000000c264cb0c 00000085736ff989
0x00000085736ff8e0:   00000000c264c780 0000000000009434
0x00000085736ff8f0:   0000186b00009430 00007ffa2f33e83a
0x00000085736ff900:   00007ffa2f530750 00000085736ff989
0x00000085736ff910:   000001a6fe6cd850 00007ffa2f3418b3
0x00000085736ff920:   0000003800000035 0000000000008b42
0x00000085736ff930:   00000000c2e63138 0000000800ef08c0
0x00000085736ff940:   0000000800ef08c0 00007ffa2f33f171
0x00000085736ff950:   00000000c2eec1e8 00000085736ffa20
0x00000085736ff960:   00000000c2e63164 0000000000000006
0x00000085736ff970:   00007ffa2f530750 000001a6e4b76460
0x00000085736ff980:   0000000000000003 000001a6fe6cd850
0x00000085736ff990:   0000000000000002 0000000000000000 

Instructions: (pc=0x00007ffa2f33f0d2)
0x00007ffa2f33efd2:   8b 05 08 cf 43 00 48 89 14 f8 ba 02 00 00 00 8d
0x00007ffa2f33efe2:   4a 1e 44 8d 42 06 e8 33 f9 a2 ff 48 8b f8 48 85
0x00007ffa2f33eff2:   c0 74 51 ba 08 00 00 00 89 18 48 8b c8 c7 40 04
0x00007ffa2f33f002:   0a 00 00 00 c7 40 10 08 00 00 00 48 c7 40 08 01
0x00007ffa2f33f012:   00 00 00 e8 46 4f cb ff 83 7f 04 00 8b d3 48 89
0x00007ffa2f33f022:   47 18 7e 23 66 66 0f 1f 84 00 00 00 00 00 48 8b
0x00007ffa2f33f032:   47 18 45 33 c0 8b ca ff c2 4c 89 04 c8 3b 57 04
0x00007ffa2f33f042:   7c ec eb 03 48 8b fb 45 33 c0 48 89 3d c5 ce 43
0x00007ffa2f33f052:   00 41 8d 50 15 8d 4a 63 e8 61 fa a2 ff 48 8b 7c
0x00007ffa2f33f062:   24 50 48 85 c0 74 28 41 b1 01 89 5c 24 20 4c 8d
0x00007ffa2f33f072:   05 01 85 27 00 ba 16 00 00 00 48 8b c8 e8 ac d6
0x00007ffa2f33f082:   f9 ff 48 89 05 95 ce 43 00 48 83 c4 30 5b c3 48
0x00007ffa2f33f092:   89 1d 88 ce 43 00 48 83 c4 30 5b c3 cc cc 48 89
0x00007ffa2f33f0a2:   5c 24 08 57 48 83 ec 20 0f b6 05 30 3f 42 00 48
0x00007ffa2f33f0b2:   8b d9 84 c0 74 16 44 8b 41 08 8b 0d 5e c9 39 00
0x00007ffa2f33f0c2:   49 d3 e0 4c 03 05 4c c9 39 00 eb 04 4c 8b 41 08
0x00007ffa2f33f0d2:   45 8b 48 08 45 85 c9 7e 0c 41 f6 c1 01 75 53 41
0x00007ffa2f33f0e2:   c1 f9 03 eb 5f 79 4b 84 c0 ba 0c 00 00 00 8b 05
0x00007ffa2f33f0f2:   fe d8 39 00 b9 10 00 00 00 0f 45 ca ff c8 4c 63
0x00007ffa2f33f102:   c0 41 8b c1 48 c1 f8 10 48 63 14 19 41 8b c9 83
0x00007ffa2f33f112:   e1 3f 48 d3 e2 0f b6 c8 49 8d 04 10 49 f7 d0 48
0x00007ffa2f33f122:   03 c8 4d 8b c8 49 c1 e9 03 48 c1 e9 03 44 23 c9
0x00007ffa2f33f132:   eb 12 49 8b 00 48 8b d3 49 8b c8 ff 90 f0 00 00
0x00007ffa2f33f142:   00 44 8b c8 49 63 f9 48 8d 0d a0 cf 43 00 4c 8b
0x00007ffa2f33f152:   c7 48 8b d3 e8 75 5c fd ff 84 c0 74 1f 4c 8b c7
0x00007ffa2f33f162:   48 8d 0d c7 cf 43 00 48 8b d3 e8 df 26 00 00 b0
0x00007ffa2f33f172:   01 48 8b 5c 24 30 48 83 c4 20 5f c3 48 8b 5c 24
0x00007ffa2f33f182:   30 32 c0 48 83 c4 20 5f c3 cc cc cc cc cc 48 89
0x00007ffa2f33f192:   5c 24 08 57 48 83 ec 20 48 8b 1d 7f cd 43 00 48
0x00007ffa2f33f1a2:   8b f9 48 85 db 74 08 48 8b cb e8 7f d8 f9 ff 4c
0x00007ffa2f33f1b2:   8b 05 60 cd 43 00 41 83 38 00 75 27 66 90 8b 47
0x00007ffa2f33f1c2:   1c 3b 05 7b 8a 27 00 73 47 ba 01 00 00 00 48 8b 


Stack slot to memory mapping:
stack at sp + 0 slots: 0x00000000c264cb80 is an oop: java.lang.String 
{0x00000000c264cb80} - klass: 'java/lang/String'
stack at sp + 1 slots: 0x00000000c264cb14 is pointing into object: [Ljava.lang.String; 
{0x00000000c264caf8} - klass: 'java/lang/String'[]
 - length: 3
stack at sp + 2 slots: 0x000001a6fe6cd850 points into unknown readable memory: 0x000001a6e4c2e400 | 00 e4 c2 e4 a6 01 00 00
stack at sp + 3 slots: 0x0000000000000003 is an unknown value
stack at sp + 4 slots: 
[error occurred during error reporting (inspecting top of stack), id 0xc0000005, EXCEPTION_ACCESS_VIOLATION (0xc0000005) at pc=0x00007ffa2f317056]


---------------  P R O C E S S  ---------------

Threads class SMR info:
_java_thread_list=0x000001a687a93600, length=39, elements={
0x000001a6e4b77430, 0x000001a6e4c2fdc0, 0x000001a6fe796fa0, 0x000001a6fe7aeae0,
0x000001a6e4c33460, 0x000001a6e4c345c0, 0x000001a6e4c35d80, 0x000001a6e4c404c0,
0x000001a6e4c415a0, 0x000001a6ffae6400, 0x000001a6ffc56950, 0x000001a680e14480,
0x000001a680c102d0, 0x000001a680c107a0, 0x000001a68164e0b0, 0x000001a681938510,
0x000001a681a79040, 0x000001a68207a8a0, 0x000001a68207ad70, 0x000001a68502db60,
0x000001a68502e030, 0x000001a68502b010, 0x000001a685030b80, 0x000001a68502eea0,
0x000001a68502f370, 0x000001a68502e500, 0x000001a685031050, 0x000001a68502a670,
0x000001a68502f840, 0x000001a685031520, 0x000001a68502d690, 0x000001a6850319f0,
0x000001a68502b4e0, 0x000001a68502c350, 0x000001a6825d2ea0, 0x000001a6825d29d0,
0x000001a6825d11c0, 0x000001a6825cf010, 0x000001a680e08d80
}

Java Threads: ( => current thread )
  0x000001a6e4b77430 JavaThread "main" [_thread_blocked, id=3728, stack(0x0000008571b00000,0x0000008571c00000)]
  0x000001a6e4c2fdc0 JavaThread "Reference Handler" daemon [_thread_blocked, id=18328, stack(0x0000008571e00000,0x0000008571f00000)]
  0x000001a6fe796fa0 JavaThread "Finalizer" daemon [_thread_blocked, id=20432, stack(0x0000008571f00000,0x0000008572000000)]
  0x000001a6fe7aeae0 JavaThread "Signal Dispatcher" daemon [_thread_blocked, id=2480, stack(0x0000008572000000,0x0000008572100000)]
  0x000001a6e4c33460 JavaThread "Attach Listener" daemon [_thread_blocked, id=6272, stack(0x0000008572100000,0x0000008572200000)]
  0x000001a6e4c345c0 JavaThread "Service Thread" daemon [_thread_blocked, id=13160, stack(0x0000008572200000,0x0000008572300000)]
  0x000001a6e4c35d80 JavaThread "C2 CompilerThread0" daemon [_thread_blocked, id=2496, stack(0x0000008572300000,0x0000008572400000)]
  0x000001a6e4c404c0 JavaThread "C1 CompilerThread0" daemon [_thread_blocked, id=10824, stack(0x0000008572400000,0x0000008572500000)]
  0x000001a6e4c415a0 JavaThread "Sweeper thread" daemon [_thread_blocked, id=11316, stack(0x0000008572500000,0x0000008572600000)]
  0x000001a6ffae6400 JavaThread "Common-Cleaner" daemon [_thread_blocked, id=14264, stack(0x0000008572600000,0x0000008572700000)]
  0x000001a6ffc56950 JavaThread "Notification Thread" daemon [_thread_blocked, id=4516, stack(0x0000008572700000,0x0000008572800000)]
  0x000001a680e14480 JavaThread "Active Thread: Equinox Container: 41587999-b68f-466c-ac92-f399b8106753" [_thread_blocked, id=20176, stack(0x0000008572b00000,0x0000008572c00000)]
  0x000001a680c102d0 JavaThread "Framework Event Dispatcher: Equinox Container: 41587999-b68f-466c-ac92-f399b8106753" daemon [_thread_blocked, id=13680, stack(0x0000008572c00000,0x0000008572d00000)]
  0x000001a680c107a0 JavaThread "Start Level: Equinox Container: 41587999-b68f-466c-ac92-f399b8106753" daemon [_thread_blocked, id=8996, stack(0x0000008572d00000,0x0000008572e00000)]
  0x000001a68164e0b0 JavaThread "SCR Component Actor" daemon [_thread_blocked, id=20324, stack(0x0000008573000000,0x0000008573100000)]
  0x000001a681938510 JavaThread "Bundle File Closer" daemon [_thread_blocked, id=15168, stack(0x0000008573200000,0x0000008573300000)]
  0x000001a681a79040 JavaThread "Worker-JM" [_thread_blocked, id=22212, stack(0x0000008573300000,0x0000008573400000)]
  0x000001a68207a8a0 JavaThread "Java indexing" daemon [_thread_blocked, id=10508, stack(0x0000008573a00000,0x0000008573b00000)]
  0x000001a68207ad70 JavaThread "pool-2-thread-1" [_thread_in_native, id=13028, stack(0x0000008573c00000,0x0000008573d00000)]
  0x000001a68502db60 JavaThread "Java Debug Server" daemon [_thread_in_native, id=22040, stack(0x0000008572900000,0x0000008572a00000)]
  0x000001a68502e030 JavaThread "pool-3-thread-1" [_thread_in_native, id=21156, stack(0x0000008573b00000,0x0000008573c00000)]
  0x000001a68502b010 JavaThread "RxSchedulerPurge-1" daemon [_thread_blocked, id=22020, stack(0x0000008573f00000,0x0000008574000000)]
  0x000001a685030b80 JavaThread "RxCachedWorkerPoolEvictor-1" daemon [_thread_blocked, id=17908, stack(0x0000008574000000,0x0000008574100000)]
  0x000001a68502eea0 JavaThread "RxNewThreadScheduler-1" daemon [_thread_blocked, id=16636, stack(0x0000008574100000,0x0000008574200000)]
  0x000001a68502f370 JavaThread "Thread-3" daemon [_thread_in_native, id=5956, stack(0x0000008574200000,0x0000008574300000)]
  0x000001a68502e500 JavaThread "Debuggee Stdout Handler" daemon [_thread_in_native, id=21324, stack(0x0000008574300000,0x0000008574400000)]
  0x000001a685031050 JavaThread "Debuggee Stderr Handler" daemon [_thread_in_native, id=19688, stack(0x0000008574400000,0x0000008574500000)]
  0x000001a68502a670 JavaThread "RxNewThreadScheduler-2" daemon [_thread_blocked, id=12560, stack(0x0000008574800000,0x0000008574900000)]
  0x000001a68502f840 JavaThread "Worker-5" [_thread_blocked, id=1368, stack(0x0000008571800000,0x0000008571900000)]
  0x000001a685031520 JavaThread "ForkJoinPool.commonPool-worker-7" daemon [_thread_blocked, id=22404, stack(0x0000008573d00000,0x0000008573e00000)]
  0x000001a68502d690 JavaThread "Worker-6" [_thread_blocked, id=18448, stack(0x0000008574600000,0x0000008574700000)]
  0x000001a6850319f0 JavaThread "ForkJoinPool.commonPool-worker-11" daemon [_thread_blocked, id=2420, stack(0x0000008571900000,0x0000008571a00000)]
  0x000001a68502b4e0 JavaThread "ForkJoinPool.commonPool-worker-13" daemon [_thread_blocked, id=16436, stack(0x0000008571a00000,0x0000008571b00000)]
  0x000001a68502c350 JavaThread "ForkJoinPool.commonPool-worker-15" daemon [_thread_blocked, id=3260, stack(0x0000008573100000,0x0000008573200000)]
  0x000001a6825d2ea0 JavaThread "ForkJoinPool.commonPool-worker-1" daemon [_thread_blocked, id=3764, stack(0x0000008573400000,0x0000008573500000)]
  0x000001a6825d29d0 JavaThread "ForkJoinPool.commonPool-worker-3" daemon [_thread_blocked, id=14724, stack(0x0000008573500000,0x0000008573600000)]
  0x000001a6825d11c0 JavaThread "ForkJoinPool.commonPool-worker-5" daemon [_thread_blocked, id=23276, stack(0x0000008573e00000,0x0000008573f00000)]
  0x000001a6825cf010 JavaThread "ForkJoinPool.commonPool-worker-9" daemon [_thread_blocked, id=9088, stack(0x0000008574500000,0x0000008574600000)]
  0x000001a680e08d80 JavaThread "C2 CompilerThread1" daemon [_thread_blocked, id=9232, stack(0x0000008574700000,0x0000008574800000)]

Other Threads:
  0x000001a6fe794b70 VMThread "VM Thread" [stack: 0x0000008571d00000,0x0000008571e00000] [id=4512]
  0x000001a6ffc49cb0 WatcherThread [stack: 0x0000008572800000,0x0000008572900000] [id=4424]
  0x000001a6e4b8d900 GCTaskThread "GC Thread#0" [stack: 0x0000008571c00000,0x0000008571d00000] [id=3888]
  0x000001a6ffbae2c0 GCTaskThread "GC Thread#1" [stack: 0x0000008572a00000,0x0000008572b00000] [id=22328]
  0x000001a6ffbaef80 GCTaskThread "GC Thread#2" [stack: 0x0000008572e00000,0x0000008572f00000] [id=19856]
  0x000001a6ffbab950 GCTaskThread "GC Thread#3" [stack: 0x0000008572f00000,0x0000008573000000] [id=9176]
=>0x000001a681a20560 GCTaskThread "GC Thread#4" [stack: 0x0000008573600000,0x0000008573700000] [id=7280]
  0x000001a681a1f8a0 GCTaskThread "GC Thread#5" [stack: 0x0000008573700000,0x0000008573800000] [id=21964]
  0x000001a681a1e580 GCTaskThread "GC Thread#6" [stack: 0x0000008573800000,0x0000008573900000] [id=7816]
  0x000001a681a20890 GCTaskThread "GC Thread#7" [stack: 0x0000008573900000,0x0000008573a00000] [id=3792]

Threads with active compile tasks:
C2 CompilerThread0  29287301 14591       4       org.eclipse.jdt.internal.compiler.ast.Annotation::resolveType (1559 bytes)
C2 CompilerThread1  29287301 14598       4       org.eclipse.jdt.internal.compiler.ASTVisitor::endVisit (1 bytes)

VM state: at safepoint (normal execution)

VM Mutex/Monitor currently owned by a thread:  ([mutex/lock_event])
[0x000001a6e4b73be0] Threads_lock - owner thread: 0x000001a6fe794b70
[0x000001a6e4b73f40] Heap_lock - owner thread: 0x000001a6850319f0

Heap address: 0x00000000c0000000, size: 1024 MB, Compressed Oops mode: 32-bit
CDS archive(s) mapped at: [0x0000000800000000-0x0000000800b50000-0x0000000800b50000), size 11862016, SharedBaseAddress: 0x0000000800000000, ArchiveRelocationMode: 0.
Compressed class space mapped at: 0x0000000800b50000-0x0000000840b50000, size: 1073741824
Narrow klass base: 0x0000000800000000, Narrow klass shift: 3, Narrow klass range: 0x100000000

GC Precious Log:
 CPUs: 8 total, 8 available
 Memory: 32719M
 Large Page Support: Disabled
 NUMA Support: Disabled
 Compressed Oops: Enabled (32-bit)
 Heap Min Capacity: 100M
 Heap Initial Capacity: 100M
 Heap Max Capacity: 1G
 Pre-touch: Disabled
 Parallel Workers: 8

Heap:
 PSYoungGen      total 19456K, used 998K [0x00000000eab00000, 0x00000000ee200000, 0x0000000100000000)
  eden space 18432K, 0% used [0x00000000eab00000,0x00000000eab00000,0x00000000ebd00000)
  from space 1024K, 97% used [0x00000000ec000000,0x00000000ec0f9a58,0x00000000ec100000)
  to   space 18944K, 0% used [0x00000000ecf80000,0x00000000ecf80000,0x00000000ee200000)
 ParOldGen       total 158208K, used 145562K [0x00000000c0000000, 0x00000000c9a80000, 0x00000000eab00000)
  object space 158208K, 92% used [0x00000000c0000000,0x00000000c8e26be8,0x00000000c9a80000)
 Metaspace       used 74246K, capacity 77438K, committed 77952K, reserved 1118208K
  class space    used 7282K, capacity 8421K, committed 8576K, reserved 1048576K

Card table byte_map: [0x000001a6e4560000,0x000001a6e4770000] _byte_map_base: 0x000001a6e3f60000

Marking Bits: (ParMarkBitMap*) 0x00007ffa2f77c0f0
 Begin Bits: [0x000001a6fbdb0000, 0x000001a6fcdb0000)
 End Bits:   [0x000001a6fcdb0000, 0x000001a6fddb0000)

Polling page: 0x000001a6e4350000

Metaspace:

Usage:
  Non-class:     67.40 MB capacity,    65.39 MB ( 97%) used,     1.91 MB (  3%) free+waste,    97.25 KB ( <1%) overhead. 
      Class:      8.22 MB capacity,     7.11 MB ( 86%) used,     1.07 MB ( 13%) free+waste,    39.81 KB ( <1%) overhead. 
       Both:     75.62 MB capacity,    72.51 MB ( 96%) used,     2.98 MB (  4%) free+waste,   137.06 KB ( <1%) overhead. 

Virtual space:
  Non-class space:       68.00 MB reserved,      67.75 MB (>99%) committed 
      Class space:        1.00 GB reserved,       8.38 MB ( <1%) committed 
             Both:        1.07 GB reserved,      76.12 MB (  7%) committed 

Chunk freelists:
   Non-Class:  231.00 KB
       Class:  91.00 KB
        Both:  322.00 KB

MaxMetaspaceSize: 17179869184.00 GB
CompressedClassSpaceSize: 1.00 GB

CodeHeap 'non-profiled nmethods': size=120000Kb used=9374Kb max_used=10283Kb free=110625Kb
 bounds [0x000001a6f4880000, 0x000001a6f5290000, 0x000001a6fbdb0000]
CodeHeap 'profiled nmethods': size=120000Kb used=26194Kb max_used=27212Kb free=93806Kb
 bounds [0x000001a6ed350000, 0x000001a6eee00000, 0x000001a6f4880000]
CodeHeap 'non-nmethods': size=5760Kb used=1412Kb max_used=1553Kb free=4347Kb
 bounds [0x000001a6ecdb0000, 0x000001a6ed020000, 0x000001a6ed350000]
 total_blobs=12263 nmethods=11531 adapters=641
 compilation: enabled
              stopped_count=0, restarted_count=0
 full_count=0

Compilation events (20 events):
Event: 29287.195 Thread 0x000001a6e4c404c0 14610       3       org.eclipse.core.runtime.NullProgressMonitor::worked (1 bytes)
Event: 29287.195 Thread 0x000001a6e4c404c0 nmethod 14610 0x000001a6ed69bf90 code [0x000001a6ed69c120, 0x000001a6ed69c218]
Event: 29287.195 Thread 0x000001a6e4c404c0 14611       3       org.eclipse.jdt.core.manipulation.ImportReferencesCollector::doVisitNode (10 bytes)
Event: 29287.195 Thread 0x000001a6e4c404c0 nmethod 14611 0x000001a6ed78aa10 code [0x000001a6ed78abe0, 0x000001a6ed78b128]
Event: 29287.195 Thread 0x000001a6e4c404c0 14613       3       org.eclipse.jdt.core.manipulation.ImportReferencesCollector::possibleStaticImportFound (264 bytes)
Event: 29287.195 Thread 0x000001a680e08d80 nmethod 14592 0x000001a6f5029a10 code [0x000001a6f5029c00, 0x000001a6f502acf8]
Event: 29287.196 Thread 0x000001a680e08d80 14594       4       org.eclipse.jdt.internal.compiler.lookup.TypeBound::hashCode (21 bytes)
Event: 29287.196 Thread 0x000001a6e4c404c0 nmethod 14613 0x000001a6ee4d1790 code [0x000001a6ee4d1c20, 0x000001a6ee4d4a18]
Event: 29287.196 Thread 0x000001a6e4c404c0 14612       3       org.eclipse.jdt.core.manipulation.ImportReferencesCollector::typeRefFound (56 bytes)
Event: 29287.197 Thread 0x000001a6e4c404c0 nmethod 14612 0x000001a6edbd9f10 code [0x000001a6edbda140, 0x000001a6edbdace8]
Event: 29287.198 Thread 0x000001a6e4c404c0 14614       3       java.util.stream.SpinedBuffer::capacity (38 bytes)
Event: 29287.198 Thread 0x000001a6e4c404c0 nmethod 14614 0x000001a6edacca10 code [0x000001a6edaccbc0, 0x000001a6edaccd98]
Event: 29287.201 Thread 0x000001a680e08d80 nmethod 14594 0x000001a6f4b79090 code [0x000001a6f4b79240, 0x000001a6f4b79648]
Event: 29287.201 Thread 0x000001a680e08d80 14595       4       org.eclipse.jdt.internal.compiler.lookup.ParameterizedTypeBinding::superInterfaces (108 bytes)
Event: 29287.209 Thread 0x000001a6e4c404c0 14615       2       java.lang.invoke.VarHandleInts$FieldInstanceReadWrite::getAndBitwiseOr (28 bytes)
Event: 29287.209 Thread 0x000001a6e4c404c0 nmethod 14615 0x000001a6ed7eea90 code [0x000001a6ed7eec80, 0x000001a6ed7ef098]
Event: 29287.210 Thread 0x000001a680e08d80 nmethod 14595 0x000001a6f4dcbf10 code [0x000001a6f4dcc0e0, 0x000001a6f4dcc7f8]
Event: 29287.210 Thread 0x000001a680e08d80 14596   !   4       org.eclipse.jdt.internal.core.NameLookup::acceptType (150 bytes)
Event: 29287.218 Thread 0x000001a680e08d80 nmethod 14596 0x000001a6f4f2ee90 code [0x000001a6f4f2f140, 0x000001a6f4f2fad8]
Event: 29287.218 Thread 0x000001a680e08d80 14598       4       org.eclipse.jdt.internal.compiler.ASTVisitor::endVisit (1 bytes)

GC Heap History (20 events):
Event: 3077.594 GC heap after
{Heap after GC invocations=156 (full 10):
 PSYoungGen      total 26112K, used 7267K [0x00000000eab00000, 0x00000000ece00000, 0x0000000100000000)
  eden space 18432K, 0% used [0x00000000eab00000,0x00000000eab00000,0x00000000ebd00000)
  from space 7680K, 94% used [0x00000000ec680000,0x00000000ecd98d88,0x00000000ece00000)
  to   space 8192K, 0% used [0x00000000ebe00000,0x00000000ebe00000,0x00000000ec600000)
 ParOldGen       total 158208K, used 121716K [0x00000000c0000000, 0x00000000c9a80000, 0x00000000eab00000)
  object space 158208K, 76% used [0x00000000c0000000,0x00000000c76dd320,0x00000000c9a80000)
 Metaspace       used 73997K, capacity 77118K, committed 77696K, reserved 1118208K
  class space    used 7278K, capacity 8421K, committed 8576K, reserved 1048576K
}
Event: 13071.097 GC heap before
{Heap before GC invocations=157 (full 10):
 PSYoungGen      total 26112K, used 25699K [0x00000000eab00000, 0x00000000ece00000, 0x0000000100000000)
  eden space 18432K, 99% used [0x00000000eab00000,0x00000000ebcfffe8,0x00000000ebd00000)
  from space 7680K, 94% used [0x00000000ec680000,0x00000000ecd98d88,0x00000000ece00000)
  to   space 8192K, 0% used [0x00000000ebe00000,0x00000000ebe00000,0x00000000ec600000)
 ParOldGen       total 158208K, used 121716K [0x00000000c0000000, 0x00000000c9a80000, 0x00000000eab00000)
  object space 158208K, 76% used [0x00000000c0000000,0x00000000c76dd320,0x00000000c9a80000)
 Metaspace       used 74044K, capacity 77182K, committed 77696K, reserved 1118208K
  class space    used 7278K, capacity 8421K, committed 8576K, reserved 1048576K
}
Event: 13071.099 GC heap after
{Heap after GC invocations=157 (full 10):
 PSYoungGen      total 18944K, used 224K [0x00000000eab00000, 0x00000000ec700000, 0x0000000100000000)
  eden space 18432K, 0% used [0x00000000eab00000,0x00000000eab00000,0x00000000ebd00000)
  from space 512K, 43% used [0x00000000ebe00000,0x00000000ebe38000,0x00000000ebe80000)
  to   space 3072K, 0% used [0x00000000ec400000,0x00000000ec400000,0x00000000ec700000)
 ParOldGen       total 158208K, used 126986K [0x00000000c0000000, 0x00000000c9a80000, 0x00000000eab00000)
  object space 158208K, 80% used [0x00000000c0000000,0x00000000c7c02870,0x00000000c9a80000)
 Metaspace       used 74044K, capacity 77182K, committed 77696K, reserved 1118208K
  class space    used 7278K, capacity 8421K, committed 8576K, reserved 1048576K
}
Event: 29277.245 GC heap before
{Heap before GC invocations=158 (full 10):
 PSYoungGen      total 18944K, used 18656K [0x00000000eab00000, 0x00000000ec700000, 0x0000000100000000)
  eden space 18432K, 100% used [0x00000000eab00000,0x00000000ebd00000,0x00000000ebd00000)
  from space 512K, 43% used [0x00000000ebe00000,0x00000000ebe38000,0x00000000ebe80000)
  to   space 3072K, 0% used [0x00000000ec400000,0x00000000ec400000,0x00000000ec700000)
 ParOldGen       total 158208K, used 126986K [0x00000000c0000000, 0x00000000c9a80000, 0x00000000eab00000)
  object space 158208K, 80% used [0x00000000c0000000,0x00000000c7c02870,0x00000000c9a80000)
 Metaspace       used 74080K, capacity 77182K, committed 77696K, reserved 1118208K
  class space    used 7278K, capacity 8421K, committed 8576K, reserved 1048576K
}
Event: 29277.247 GC heap after
{Heap after GC invocations=158 (full 10):
 PSYoungGen      total 21504K, used 3060K [0x00000000eab00000, 0x00000000ec700000, 0x0000000100000000)
  eden space 18432K, 0% used [0x00000000eab00000,0x00000000eab00000,0x00000000ebd00000)
  from space 3072K, 99% used [0x00000000ec400000,0x00000000ec6fd1a0,0x00000000ec700000)
  to   space 4608K, 0% used [0x00000000ebe00000,0x00000000ebe00000,0x00000000ec280000)
 ParOldGen       total 158208K, used 127810K [0x00000000c0000000, 0x00000000c9a80000, 0x00000000eab00000)
  object space 158208K, 80% used [0x00000000c0000000,0x00000000c7cd0870,0x00000000c9a80000)
 Metaspace       used 74080K, capacity 77182K, committed 77696K, reserved 1118208K
  class space    used 7278K, capacity 8421K, committed 8576K, reserved 1048576K
}
Event: 29279.707 GC heap before
{Heap before GC invocations=159 (full 10):
 PSYoungGen      total 21504K, used 21451K [0x00000000eab00000, 0x00000000ec700000, 0x0000000100000000)
  eden space 18432K, 99% used [0x00000000eab00000,0x00000000ebcf5ce0,0x00000000ebd00000)
  from space 3072K, 99% used [0x00000000ec400000,0x00000000ec6fd1a0,0x00000000ec700000)
  to   space 4608K, 0% used [0x00000000ebe00000,0x00000000ebe00000,0x00000000ec280000)
 ParOldGen       total 158208K, used 127810K [0x00000000c0000000, 0x00000000c9a80000, 0x00000000eab00000)
  object space 158208K, 80% used [0x00000000c0000000,0x00000000c7cd0870,0x00000000c9a80000)
 Metaspace       used 74089K, capacity 77182K, committed 77696K, reserved 1118208K
  class space    used 7278K, capacity 8421K, committed 8576K, reserved 1048576K
}
Event: 29279.709 GC heap after
{Heap after GC invocations=159 (full 10):
 PSYoungGen      total 21504K, used 2706K [0x00000000eab00000, 0x00000000ec480000, 0x0000000100000000)
  eden space 18432K, 0% used [0x00000000eab00000,0x00000000eab00000,0x00000000ebd00000)
  from space 3072K, 88% used [0x00000000ebe00000,0x00000000ec0a48c0,0x00000000ec100000)
  to   space 3584K, 0% used [0x00000000ec100000,0x00000000ec100000,0x00000000ec480000)
 ParOldGen       total 158208K, used 128664K [0x00000000c0000000, 0x00000000c9a80000, 0x00000000eab00000)
  object space 158208K, 81% used [0x00000000c0000000,0x00000000c7da6268,0x00000000c9a80000)
 Metaspace       used 74089K, capacity 77182K, committed 77696K, reserved 1118208K
  class space    used 7278K, capacity 8421K, committed 8576K, reserved 1048576K
}
Event: 29281.231 GC heap before
{Heap before GC invocations=160 (full 10):
 PSYoungGen      total 21504K, used 21138K [0x00000000eab00000, 0x00000000ec480000, 0x0000000100000000)
  eden space 18432K, 100% used [0x00000000eab00000,0x00000000ebd00000,0x00000000ebd00000)
  from space 3072K, 88% used [0x00000000ebe00000,0x00000000ec0a48c0,0x00000000ec100000)
  to   space 3584K, 0% used [0x00000000ec100000,0x00000000ec100000,0x00000000ec480000)
 ParOldGen       total 158208K, used 128664K [0x00000000c0000000, 0x00000000c9a80000, 0x00000000eab00000)
  object space 158208K, 81% used [0x00000000c0000000,0x00000000c7da6268,0x00000000c9a80000)
 Metaspace       used 74115K, capacity 77246K, committed 77696K, reserved 1118208K
  class space    used 7278K, capacity 8421K, committed 8576K, reserved 1048576K
}
Event: 29281.233 GC heap after
{Heap after GC invocations=160 (full 10):
 PSYoungGen      total 20480K, used 1620K [0x00000000eab00000, 0x00000000ec300000, 0x0000000100000000)
  eden space 18432K, 0% used [0x00000000eab00000,0x00000000eab00000,0x00000000ebd00000)
  from space 2048K, 79% used [0x00000000ec100000,0x00000000ec295150,0x00000000ec300000)
  to   space 2560K, 0% used [0x00000000ebe00000,0x00000000ebe00000,0x00000000ec080000)
 ParOldGen       total 158208K, used 128728K [0x00000000c0000000, 0x00000000c9a80000, 0x00000000eab00000)
  object space 158208K, 81% used [0x00000000c0000000,0x00000000c7db6268,0x00000000c9a80000)
 Metaspace       used 74115K, capacity 77246K, committed 77696K, reserved 1118208K
  class space    used 7278K, capacity 8421K, committed 8576K, reserved 1048576K
}
Event: 29281.272 GC heap before
{Heap before GC invocations=161 (full 10):
 PSYoungGen      total 20480K, used 20052K [0x00000000eab00000, 0x00000000ec300000, 0x0000000100000000)
  eden space 18432K, 100% used [0x00000000eab00000,0x00000000ebd00000,0x00000000ebd00000)
  from space 2048K, 79% used [0x00000000ec100000,0x00000000ec295150,0x00000000ec300000)
  to   space 2560K, 0% used [0x00000000ebe00000,0x00000000ebe00000,0x00000000ec080000)
 ParOldGen       total 158208K, used 128728K [0x00000000c0000000, 0x00000000c9a80000, 0x00000000eab00000)
  object space 158208K, 81% used [0x00000000c0000000,0x00000000c7db6268,0x00000000c9a80000)
 Metaspace       used 74129K, capacity 77246K, committed 77696K, reserved 1118208K
  class space    used 7278K, capacity 8421K, committed 8576K, reserved 1048576K
}
Event: 29281.274 GC heap after
{Heap after GC invocations=161 (full 10):
 PSYoungGen      total 20992K, used 2548K [0x00000000eab00000, 0x00000000ec600000, 0x0000000100000000)
  eden space 18432K, 0% used [0x00000000eab00000,0x00000000eab00000,0x00000000ebd00000)
  from space 2560K, 99% used [0x00000000ebe00000,0x00000000ec07d140,0x00000000ec080000)
  to   space 4608K, 0% used [0x00000000ec180000,0x00000000ec180000,0x00000000ec600000)
 ParOldGen       total 158208K, used 130260K [0x00000000c0000000, 0x00000000c9a80000, 0x00000000eab00000)
  object space 158208K, 82% used [0x00000000c0000000,0x00000000c7f35398,0x00000000c9a80000)
 Metaspace       used 74129K, capacity 77246K, committed 77696K, reserved 1118208K
  class space    used 7278K, capacity 8421K, committed 8576K, reserved 1048576K
}
Event: 29284.255 GC heap before
{Heap before GC invocations=162 (full 10):
 PSYoungGen      total 20992K, used 20478K [0x00000000eab00000, 0x00000000ec600000, 0x0000000100000000)
  eden space 18432K, 97% used [0x00000000eab00000,0x00000000ebc82a00,0x00000000ebd00000)
  from space 2560K, 99% used [0x00000000ebe00000,0x00000000ec07d140,0x00000000ec080000)
  to   space 4608K, 0% used [0x00000000ec180000,0x00000000ec180000,0x00000000ec600000)
 ParOldGen       total 158208K, used 130260K [0x00000000c0000000, 0x00000000c9a80000, 0x00000000eab00000)
  object space 158208K, 82% used [0x00000000c0000000,0x00000000c7f35398,0x00000000c9a80000)
 Metaspace       used 74168K, capacity 77246K, committed 77696K, reserved 1118208K
  class space    used 7281K, capacity 8421K, committed 8576K, reserved 1048576K
}
Event: 29284.256 GC heap after
{Heap after GC invocations=162 (full 10):
 PSYoungGen      total 18944K, used 224K [0x00000000eab00000, 0x00000000ec200000, 0x0000000100000000)
  eden space 18432K, 0% used [0x00000000eab00000,0x00000000eab00000,0x00000000ebd00000)
  from space 512K, 43% used [0x00000000ec180000,0x00000000ec1b8000,0x00000000ec200000)
  to   space 2048K, 0% used [0x00000000ebe00000,0x00000000ebe00000,0x00000000ec000000)
 ParOldGen       total 158208K, used 130316K [0x00000000c0000000, 0x00000000c9a80000, 0x00000000eab00000)
  object space 158208K, 82% used [0x00000000c0000000,0x00000000c7f43398,0x00000000c9a80000)
 Metaspace       used 74168K, capacity 77246K, committed 77696K, reserved 1118208K
  class space    used 7281K, capacity 8421K, committed 8576K, reserved 1048576K
}
Event: 29285.562 GC heap before
{Heap before GC invocations=163 (full 10):
 PSYoungGen      total 18944K, used 18656K [0x00000000eab00000, 0x00000000ec200000, 0x0000000100000000)
  eden space 18432K, 100% used [0x00000000eab00000,0x00000000ebd00000,0x00000000ebd00000)
  from space 512K, 43% used [0x00000000ec180000,0x00000000ec1b8000,0x00000000ec200000)
  to   space 2048K, 0% used [0x00000000ebe00000,0x00000000ebe00000,0x00000000ec000000)
 ParOldGen       total 158208K, used 130316K [0x00000000c0000000, 0x00000000c9a80000, 0x00000000eab00000)
  object space 158208K, 82% used [0x00000000c0000000,0x00000000c7f43398,0x00000000c9a80000)
 Metaspace       used 74208K, capacity 77374K, committed 77952K, reserved 1118208K
  class space    used 7282K, capacity 8421K, committed 8576K, reserved 1048576K
}
Event: 29285.563 GC heap after
{Heap after GC invocations=163 (full 10):
 PSYoungGen      total 20480K, used 186K [0x00000000eab00000, 0x00000000ec200000, 0x0000000100000000)
  eden space 18432K, 0% used [0x00000000eab00000,0x00000000eab00000,0x00000000ebd00000)
  from space 2048K, 9% used [0x00000000ebe00000,0x00000000ebe2e900,0x00000000ec000000)
  to   space 512K, 0% used [0x00000000ec180000,0x00000000ec180000,0x00000000ec200000)
 ParOldGen       total 158208K, used 130393K [0x00000000c0000000, 0x00000000c9a80000, 0x00000000eab00000)
  object space 158208K, 82% used [0x00000000c0000000,0x00000000c7f56538,0x00000000c9a80000)
 Metaspace       used 74208K, capacity 77374K, committed 77952K, reserved 1118208K
  class space    used 7282K, capacity 8421K, committed 8576K, reserved 1048576K
}
Event: 29287.181 GC heap before
{Heap before GC invocations=164 (full 10):
 PSYoungGen      total 20480K, used 18618K [0x00000000eab00000, 0x00000000ec200000, 0x0000000100000000)
  eden space 18432K, 100% used [0x00000000eab00000,0x00000000ebd00000,0x00000000ebd00000)
  from space 2048K, 9% used [0x00000000ebe00000,0x00000000ebe2e900,0x00000000ec000000)
  to   space 512K, 0% used [0x00000000ec180000,0x00000000ec180000,0x00000000ec200000)
 ParOldGen       total 158208K, used 130393K [0x00000000c0000000, 0x00000000c9a80000, 0x00000000eab00000)
  object space 158208K, 82% used [0x00000000c0000000,0x00000000c7f56538,0x00000000c9a80000)
 Metaspace       used 74231K, capacity 77438K, committed 77952K, reserved 1118208K
  class space    used 7282K, capacity 8421K, committed 8576K, reserved 1048576K
}
Event: 29287.182 GC heap after
{Heap after GC invocations=164 (full 10):
 PSYoungGen      total 18944K, used 500K [0x00000000eab00000, 0x00000000ec200000, 0x0000000100000000)
  eden space 18432K, 0% used [0x00000000eab00000,0x00000000eab00000,0x00000000ebd00000)
  from space 512K, 97% used [0x00000000ec180000,0x00000000ec1fd200,0x00000000ec200000)
  to   space 1024K, 0% used [0x00000000ec000000,0x00000000ec000000,0x00000000ec100000)
 ParOldGen       total 158208K, used 130677K [0x00000000c0000000, 0x00000000c9a80000, 0x00000000eab00000)
  object space 158208K, 82% used [0x00000000c0000000,0x00000000c7f9d568,0x00000000c9a80000)
 Metaspace       used 74231K, capacity 77438K, committed 77952K, reserved 1118208K
  class space    used 7282K, capacity 8421K, committed 8576K, reserved 1048576K
}
Event: 29287.218 GC heap before
{Heap before GC invocations=165 (full 10):
 PSYoungGen      total 18944K, used 18932K [0x00000000eab00000, 0x00000000ec200000, 0x0000000100000000)
  eden space 18432K, 99% used [0x00000000eab00000,0x00000000ebcffff8,0x00000000ebd00000)
  from space 512K, 97% used [0x00000000ec180000,0x00000000ec1fd200,0x00000000ec200000)
  to   space 1024K, 0% used [0x00000000ec000000,0x00000000ec000000,0x00000000ec100000)
 ParOldGen       total 158208K, used 130677K [0x00000000c0000000, 0x00000000c9a80000, 0x00000000eab00000)
  object space 158208K, 82% used [0x00000000c0000000,0x00000000c7f9d568,0x00000000c9a80000)
 Metaspace       used 74246K, capacity 77438K, committed 77952K, reserved 1118208K
  class space    used 7282K, capacity 8421K, committed 8576K, reserved 1048576K
}
Event: 29287.223 GC heap after
{Heap after GC invocations=165 (full 10):
 PSYoungGen      total 19456K, used 998K [0x00000000eab00000, 0x00000000ee200000, 0x0000000100000000)
  eden space 18432K, 0% used [0x00000000eab00000,0x00000000eab00000,0x00000000ebd00000)
  from space 1024K, 97% used [0x00000000ec000000,0x00000000ec0f9a58,0x00000000ec100000)
  to   space 18944K, 0% used [0x00000000ecf80000,0x00000000ecf80000,0x00000000ee200000)
 ParOldGen       total 158208K, used 145562K [0x00000000c0000000, 0x00000000c9a80000, 0x00000000eab00000)
  object space 158208K, 92% used [0x00000000c0000000,0x00000000c8e26be8,0x00000000c9a80000)
 Metaspace       used 74246K, capacity 77438K, committed 77952K, reserved 1118208K
  class space    used 7282K, capacity 8421K, committed 8576K, reserved 1048576K
}
Event: 29287.223 GC heap before
{Heap before GC invocations=166 (full 11):
 PSYoungGen      total 19456K, used 998K [0x00000000eab00000, 0x00000000ee200000, 0x0000000100000000)
  eden space 18432K, 0% used [0x00000000eab00000,0x00000000eab00000,0x00000000ebd00000)
  from space 1024K, 97% used [0x00000000ec000000,0x00000000ec0f9a58,0x00000000ec100000)
  to   space 18944K, 0% used [0x00000000ecf80000,0x00000000ecf80000,0x00000000ee200000)
 ParOldGen       total 158208K, used 145562K [0x00000000c0000000, 0x00000000c9a80000, 0x00000000eab00000)
  object space 158208K, 92% used [0x00000000c0000000,0x00000000c8e26be8,0x00000000c9a80000)
 Metaspace       used 74246K, capacity 77438K, committed 77952K, reserved 1118208K
  class space    used 7282K, capacity 8421K, committed 8576K, reserved 1048576K
}

Deoptimization events (20 events):
Event: 29284.254 Thread 0x000001a685031520 Uncommon trap: trap_request=0xffffff45 fr.pc=0x000001a6f4f02448 relative=0x00000000000085c8
Event: 29284.254 Thread 0x000001a685031520 Uncommon trap: reason=unstable_if action=reinterpret pc=0x000001a6f4f02448 method=org.eclipse.jdt.internal.compiler.lookup.ModuleBinding.getVisiblePackage(Lorg/eclipse/jdt/internal/compiler/lookup/PackageBinding;[C)Lorg/eclipse/jdt/internal/compiler/looku
Event: 29284.254 Thread 0x000001a685031520 DEOPT PACKING pc=0x000001a6f4f02448 sp=0x0000008573dfd780
Event: 29284.254 Thread 0x000001a685031520 DEOPT UNPACKING pc=0x000001a6ecdfe42f sp=0x0000008573dfd770 mode 2
Event: 29284.254 Thread 0x000001a685031520 Uncommon trap: trap_request=0xffffff45 fr.pc=0x000001a6f4fafd9c relative=0x000000000000007c
Event: 29284.254 Thread 0x000001a685031520 Uncommon trap: reason=unstable_if action=reinterpret pc=0x000001a6f4fafd9c method=org.eclipse.jdt.internal.compiler.lookup.SourceTypeBinding.kind()I @ 22 c2
Event: 29284.254 Thread 0x000001a685031520 DEOPT PACKING pc=0x000001a6f4fafd9c sp=0x0000008573dfdb90
Event: 29284.254 Thread 0x000001a685031520 DEOPT UNPACKING pc=0x000001a6ecdfe42f sp=0x0000008573dfdb20 mode 2
Event: 29284.261 Thread 0x000001a685031520 Uncommon trap: trap_request=0xffffff45 fr.pc=0x000001a6f51d356c relative=0x0000000000002e8c
Event: 29284.261 Thread 0x000001a685031520 Uncommon trap: reason=unstable_if action=reinterpret pc=0x000001a6f51d356c method=org.eclipse.jdt.internal.compiler.parser.Scanner.getNextToken0()I @ 803 c2
Event: 29284.261 Thread 0x000001a685031520 DEOPT PACKING pc=0x000001a6f51d356c sp=0x0000008573dfd9a0
Event: 29284.261 Thread 0x000001a685031520 DEOPT UNPACKING pc=0x000001a6ecdfe42f sp=0x0000008573dfd938 mode 2
Event: 29284.262 Thread 0x000001a685031520 Uncommon trap: trap_request=0xffffff45 fr.pc=0x000001a6f48c9574 relative=0x0000000000000d94
Event: 29284.262 Thread 0x000001a685031520 Uncommon trap: reason=unstable_if action=reinterpret pc=0x000001a6f48c9574 method=lombok.eclipse.EclipseNode.traverse(Llombok/eclipse/EclipseASTVisitor;)V @ 251 c2
Event: 29284.262 Thread 0x000001a685031520 DEOPT PACKING pc=0x000001a6f48c9574 sp=0x0000008573dfd4c0
Event: 29284.262 Thread 0x000001a685031520 DEOPT UNPACKING pc=0x000001a6ecdfe42f sp=0x0000008573dfd468 mode 2
Event: 29286.952 Thread 0x000001a685031520 Uncommon trap: trap_request=0xffffffcc fr.pc=0x000001a6f4a36238 relative=0x00000000000015d8
Event: 29286.952 Thread 0x000001a685031520 Uncommon trap: reason=intrinsic_or_type_checked_inlining action=make_not_entrant pc=0x000001a6f4a36238 method=org.eclipse.jdt.internal.compiler.parser.Parser.consumeLambdaHeader()V @ 54 c2
Event: 29286.952 Thread 0x000001a685031520 DEOPT PACKING pc=0x000001a6f4a36238 sp=0x0000008573dfe1b0
Event: 29286.952 Thread 0x000001a685031520 DEOPT UNPACKING pc=0x000001a6ecdfe42f sp=0x0000008573dfe0f8 mode 2

Classes unloaded (20 events):
Event: 2145.426 Thread 0x000001a6fe794b70 Unloading class 0x0000000800cfa440 'java/lang/invoke/LambdaForm$MH+0x0000000800cfa440'
Event: 2145.426 Thread 0x000001a6fe794b70 Unloading class 0x0000000800cfa040 'java/lang/invoke/LambdaForm$MH+0x0000000800cfa040'
Event: 2145.426 Thread 0x000001a6fe794b70 Unloading class 0x0000000800cfac40 'java/lang/invoke/LambdaForm$MH+0x0000000800cfac40'
Event: 2145.426 Thread 0x000001a6fe794b70 Unloading class 0x0000000800c42040 'java/lang/invoke/LambdaForm$MH+0x0000000800c42040'
Event: 2145.426 Thread 0x000001a6fe794b70 Unloading class 0x0000000800c41840 'java/lang/invoke/LambdaForm$MH+0x0000000800c41840'
Event: 2145.426 Thread 0x000001a6fe794b70 Unloading class 0x0000000800c41440 'java/lang/invoke/LambdaForm$MH+0x0000000800c41440'
Event: 2145.426 Thread 0x000001a6fe794b70 Unloading class 0x0000000800c41040 'java/lang/invoke/LambdaForm$MH+0x0000000800c41040'
Event: 2145.426 Thread 0x000001a6fe794b70 Unloading class 0x0000000800c40840 'java/lang/invoke/LambdaForm$MH+0x0000000800c40840'
Event: 2145.426 Thread 0x000001a6fe794b70 Unloading class 0x0000000800c40440 'java/lang/invoke/LambdaForm$MH+0x0000000800c40440'
Event: 2145.426 Thread 0x000001a6fe794b70 Unloading class 0x0000000800c40040 'java/lang/invoke/LambdaForm$MH+0x0000000800c40040'
Event: 2145.426 Thread 0x000001a6fe794b70 Unloading class 0x0000000800c08840 'java/lang/invoke/LambdaForm$MH+0x0000000800c08840'
Event: 2145.426 Thread 0x000001a6fe794b70 Unloading class 0x0000000800c0f440 'jdk/internal/reflect/GeneratedConstructorAccessor2'
Event: 2145.426 Thread 0x000001a6fe794b70 Unloading class 0x0000000800bd3440 'jdk/internal/reflect/GeneratedMethodAccessor5'
Event: 2145.426 Thread 0x000001a6fe794b70 Unloading class 0x0000000800bd3040 'jdk/internal/reflect/GeneratedMethodAccessor4'
Event: 2145.427 Thread 0x000001a6fe794b70 Unloading class 0x0000000800bd3c40 'jdk/internal/reflect/GeneratedMethodAccessor3'
Event: 2145.427 Thread 0x000001a6fe794b70 Unloading class 0x0000000800bd3840 'jdk/internal/reflect/GeneratedMethodAccessor2'
Event: 2145.427 Thread 0x000001a6fe794b70 Unloading class 0x0000000800bd4440 'jdk/internal/reflect/GeneratedMethodAccessor1'
Event: 2145.427 Thread 0x000001a6fe794b70 Unloading class 0x0000000800bd6440 'java/lang/invoke/LambdaForm$DMH+0x0000000800bd6440'
Event: 2145.427 Thread 0x000001a6fe794b70 Unloading class 0x0000000800bd6c40 'java/lang/invoke/LambdaForm$DMH+0x0000000800bd6c40'
Event: 2145.427 Thread 0x000001a6fe794b70 Unloading class 0x0000000800bb6440 'jdk/internal/reflect/GeneratedConstructorAccessor1'

Classes redefined (0 events):
No events

Internal exceptions (20 events):
Event: 29287.176 Thread 0x000001a685031520 Implicit null exception at 0x000001a6edc51fd3 to 0x000001a6edc5211e
Event: 29287.176 Thread 0x000001a685031520 Exception <a 'java/lang/NullPointerException'{0x00000000ebb18938}> (0x00000000ebb18938) 
thrown [./open/src/hotspot/share/runtime/sharedRuntime.cpp, line 585]
Event: 29287.176 Thread 0x000001a685031520 Implicit null exception at 0x000001a6edc51fd3 to 0x000001a6edc5211e
Event: 29287.176 Thread 0x000001a685031520 Exception <a 'java/lang/NullPointerException'{0x00000000ebb18ff0}> (0x00000000ebb18ff0) 
thrown [./open/src/hotspot/share/runtime/sharedRuntime.cpp, line 585]
Event: 29287.176 Thread 0x000001a685031520 Implicit null exception at 0x000001a6edc51fd3 to 0x000001a6edc5211e
Event: 29287.176 Thread 0x000001a685031520 Exception <a 'java/lang/NullPointerException'{0x00000000ebb196a8}> (0x00000000ebb196a8) 
thrown [./open/src/hotspot/share/runtime/sharedRuntime.cpp, line 585]
Event: 29287.176 Thread 0x000001a685031520 Implicit null exception at 0x000001a6edc51fd3 to 0x000001a6edc5211e
Event: 29287.176 Thread 0x000001a685031520 Exception <a 'java/lang/NullPointerException'{0x00000000ebb1a190}> (0x00000000ebb1a190) 
thrown [./open/src/hotspot/share/runtime/sharedRuntime.cpp, line 585]
Event: 29287.176 Thread 0x000001a685031520 Implicit null exception at 0x000001a6edc51fd3 to 0x000001a6edc5211e
Event: 29287.176 Thread 0x000001a685031520 Exception <a 'java/lang/NullPointerException'{0x00000000ebb1ac88}> (0x00000000ebb1ac88) 
thrown [./open/src/hotspot/share/runtime/sharedRuntime.cpp, line 585]
Event: 29287.176 Thread 0x000001a685031520 Implicit null exception at 0x000001a6edc51fd3 to 0x000001a6edc5211e
Event: 29287.176 Thread 0x000001a685031520 Exception <a 'java/lang/NullPointerException'{0x00000000ebb1b780}> (0x00000000ebb1b780) 
thrown [./open/src/hotspot/share/runtime/sharedRuntime.cpp, line 585]
Event: 29287.176 Thread 0x000001a685031520 Implicit null exception at 0x000001a6edc51fd3 to 0x000001a6edc5211e
Event: 29287.176 Thread 0x000001a685031520 Exception <a 'java/lang/NullPointerException'{0x00000000ebb1c068}> (0x00000000ebb1c068) 
thrown [./open/src/hotspot/share/runtime/sharedRuntime.cpp, line 585]
Event: 29287.178 Thread 0x000001a685031520 Implicit null exception at 0x000001a6edc51fd3 to 0x000001a6edc5211e
Event: 29287.178 Thread 0x000001a685031520 Exception <a 'java/lang/NullPointerException'{0x00000000ebc846d0}> (0x00000000ebc846d0) 
thrown [./open/src/hotspot/share/runtime/sharedRuntime.cpp, line 585]
Event: 29287.179 Thread 0x000001a685031520 Implicit null exception at 0x000001a6edc51fd3 to 0x000001a6edc5211e
Event: 29287.179 Thread 0x000001a685031520 Exception <a 'java/lang/NullPointerException'{0x00000000ebc84f18}> (0x00000000ebc84f18) 
thrown [./open/src/hotspot/share/runtime/sharedRuntime.cpp, line 585]
Event: 29287.179 Thread 0x000001a685031520 Implicit null exception at 0x000001a6edc51fd3 to 0x000001a6edc5211e
Event: 29287.179 Thread 0x000001a685031520 Exception <a 'java/lang/NullPointerException'{0x00000000ebc85728}> (0x00000000ebc85728) 
thrown [./open/src/hotspot/share/runtime/sharedRuntime.cpp, line 585]

Events (20 events):
Event: 29283.996 Thread 0x000001a6e4c415a0 flushing nmethod 0x000001a6eec36a90
Event: 29283.996 Thread 0x000001a6e4c415a0 flushing nmethod 0x000001a6eec8b610
Event: 29283.996 Thread 0x000001a6e4c415a0 flushing nmethod 0x000001a6eec98690
Event: 29283.996 Thread 0x000001a6e4c415a0 flushing nmethod 0x000001a6eecbbf10
Event: 29284.250 loading class java/util/AbstractList$SubList
Event: 29284.250 loading class java/util/AbstractList$SubList done
Event: 29284.250 loading class java/util/AbstractList$SubList$1
Event: 29284.250 loading class java/util/AbstractList$SubList$1 done
Event: 29284.255 Executing VM operation: ParallelGCFailedAllocation
Event: 29284.256 Executing VM operation: ParallelGCFailedAllocation done
Event: 29284.274 Thread 0x000001a680e09cb0 Thread added: 0x000001a680e09cb0
Event: 29284.280 Thread 0x000001a680e08d80 Thread added: 0x000001a680e08d80
Event: 29284.721 Thread 0x000001a680e08d80 Thread exited: 0x000001a680e08d80
Event: 29284.721 Thread 0x000001a680e09cb0 Thread exited: 0x000001a680e09cb0
Event: 29285.562 Executing VM operation: ParallelGCFailedAllocation
Event: 29285.563 Executing VM operation: ParallelGCFailedAllocation done
Event: 29286.960 Thread 0x000001a680e08d80 Thread added: 0x000001a680e08d80
Event: 29287.181 Executing VM operation: ParallelGCFailedAllocation
Event: 29287.182 Executing VM operation: ParallelGCFailedAllocation done
Event: 29287.218 Executing VM operation: ParallelGCFailedAllocation


Dynamic libraries:
0x00007ff786990000 - 0x00007ff78699f000 	C:\Program Files\Java\jdk-15.0.1\bin\java.exe
0x00007ffa99390000 - 0x00007ffa99585000 	C:\WINDOWS\SYSTEM32\ntdll.dll
0x00007ffa97690000 - 0x00007ffa9774e000 	C:\WINDOWS\System32\KERNEL32.DLL
0x00007ffa96e10000 - 0x00007ffa970d9000 	C:\WINDOWS\System32\KERNELBASE.dll
0x00007ffa971e0000 - 0x00007ffa972e0000 	C:\WINDOWS\System32\ucrtbase.dll
0x00007ffa84e30000 - 0x00007ffa84e48000 	C:\Program Files\Java\jdk-15.0.1\bin\jli.dll
0x00007ffa87b70000 - 0x00007ffa87b89000 	C:\Program Files\Java\jdk-15.0.1\bin\VCRUNTIME140.dll
0x00007ffa977d0000 - 0x00007ffa9787c000 	C:\WINDOWS\System32\ADVAPI32.dll
0x00007ffa992b0000 - 0x00007ffa9934e000 	C:\WINDOWS\System32\msvcrt.dll
0x00007ffa98d30000 - 0x00007ffa98dcb000 	C:\WINDOWS\System32\sechost.dll
0x00007ffa973e0000 - 0x00007ffa9750a000 	C:\WINDOWS\System32\RPCRT4.dll
0x00007ffa986c0000 - 0x00007ffa98861000 	C:\WINDOWS\System32\USER32.dll
0x00007ffa96de0000 - 0x00007ffa96e02000 	C:\WINDOWS\System32\win32u.dll
0x00007ffa7cc10000 - 0x00007ffa7ceaa000 	C:\WINDOWS\WinSxS\amd64_microsoft.windows.common-controls_6595b64144ccf1df_6.0.19041.1110_none_60b5254171f9507e\COMCTL32.dll
0x00007ffa98870000 - 0x00007ffa9889b000 	C:\WINDOWS\System32\GDI32.dll
0x00007ffa96c40000 - 0x00007ffa96d4b000 	C:\WINDOWS\System32\gdi32full.dll
0x00007ffa97340000 - 0x00007ffa973dd000 	C:\WINDOWS\System32\msvcp_win.dll
0x00007ffa8d530000 - 0x00007ffa8d53a000 	C:\WINDOWS\SYSTEM32\VERSION.dll
0x00007ffa984e0000 - 0x00007ffa98510000 	C:\WINDOWS\System32\IMM32.DLL
0x00007ffa87b20000 - 0x00007ffa87b2c000 	C:\Program Files\Java\jdk-15.0.1\bin\vcruntime140_1.dll
0x00007ffa642d0000 - 0x00007ffa64361000 	C:\Program Files\Java\jdk-15.0.1\bin\msvcp140.dll
0x00007ffa2ece0000 - 0x00007ffa2f83e000 	C:\Program Files\Java\jdk-15.0.1\bin\server\jvm.dll
0x00007ffa98d20000 - 0x00007ffa98d28000 	C:\WINDOWS\System32\PSAPI.DLL
0x00007ffa89270000 - 0x00007ffa89297000 	C:\WINDOWS\SYSTEM32\WINMM.dll
0x00007ffa83f80000 - 0x00007ffa83f89000 	C:\WINDOWS\SYSTEM32\WSOCK32.dll
0x00007ffa98380000 - 0x00007ffa983eb000 	C:\WINDOWS\System32\ws2_32.DLL
0x00007ffa95330000 - 0x00007ffa95342000 	C:\WINDOWS\SYSTEM32\kernel.appcore.dll
0x00007ffa84de0000 - 0x00007ffa84dea000 	C:\Program Files\Java\jdk-15.0.1\bin\jimage.dll
0x00007ffa873f0000 - 0x00007ffa875d4000 	C:\WINDOWS\SYSTEM32\DBGHELP.DLL
0x00007ffa85de0000 - 0x00007ffa85e0c000 	C:\WINDOWS\SYSTEM32\dbgcore.DLL
0x00007ffa96d50000 - 0x00007ffa96dd3000 	C:\WINDOWS\System32\bcryptPrimitives.dll
0x00007ffa84d80000 - 0x00007ffa84d8e000 	C:\Program Files\Java\jdk-15.0.1\bin\instrument.dll
0x00007ffa84710000 - 0x00007ffa84735000 	C:\Program Files\Java\jdk-15.0.1\bin\java.dll
0x00007ffa97be0000 - 0x00007ffa9831f000 	C:\WINDOWS\System32\SHELL32.dll
0x00007ffa94b90000 - 0x00007ffa95320000 	C:\WINDOWS\SYSTEM32\windows.storage.dll
0x00007ffa989c0000 - 0x00007ffa98d15000 	C:\WINDOWS\System32\combase.dll
0x00007ffa96500000 - 0x00007ffa9652c000 	C:\WINDOWS\SYSTEM32\Wldp.dll
0x00007ffa97510000 - 0x00007ffa975bd000 	C:\WINDOWS\System32\SHCORE.dll
0x00007ffa983f0000 - 0x00007ffa98445000 	C:\WINDOWS\System32\shlwapi.dll
0x00007ffa969f0000 - 0x00007ffa96a0f000 	C:\WINDOWS\SYSTEM32\profapi.dll
0x00007ffa90f10000 - 0x00007ffa90f28000 	C:\Program Files\Java\jdk-15.0.1\bin\zip.dll
0x00007ffa87dc0000 - 0x00007ffa87dd9000 	C:\Program Files\Java\jdk-15.0.1\bin\net.dll
0x00007ffa8fd70000 - 0x00007ffa8fe78000 	C:\WINDOWS\SYSTEM32\WINHTTP.dll
0x00007ffa96260000 - 0x00007ffa962ca000 	C:\WINDOWS\system32\mswsock.dll
0x00007ffa84750000 - 0x00007ffa84762000 	C:\Program Files\Java\jdk-15.0.1\bin\nio.dll
0x00007ffa90f00000 - 0x00007ffa90f10000 	C:\Program Files\Java\jdk-15.0.1\bin\verify.dll
0x00007ffa96460000 - 0x00007ffa96478000 	C:\WINDOWS\SYSTEM32\CRYPTSP.dll
0x00007ffa95b70000 - 0x00007ffa95ba4000 	C:\WINDOWS\system32\rsaenh.dll
0x00007ffa96ab0000 - 0x00007ffa96ad7000 	C:\WINDOWS\System32\bcrypt.dll
0x00007ffa96970000 - 0x00007ffa9699e000 	C:\WINDOWS\SYSTEM32\USERENV.dll
0x00007ffa96450000 - 0x00007ffa9645c000 	C:\WINDOWS\SYSTEM32\CRYPTBASE.dll
0x00007ffa95f00000 - 0x00007ffa95f3b000 	C:\WINDOWS\SYSTEM32\IPHLPAPI.DLL
0x00007ffa97bd0000 - 0x00007ffa97bd8000 	C:\WINDOWS\System32\NSI.dll
0x00007ffa8de50000 - 0x00007ffa8de67000 	C:\WINDOWS\SYSTEM32\dhcpcsvc6.DLL
0x00007ffa8e580000 - 0x00007ffa8e59d000 	C:\WINDOWS\SYSTEM32\dhcpcsvc.DLL
0x00007ffa95f50000 - 0x00007ffa9601c000 	C:\WINDOWS\SYSTEM32\DNSAPI.dll
0x00007ffa833a0000 - 0x00007ffa833de000 	C:\Users\augul\AppData\Roaming\Code\User\globalStorage\redhat.java\1.0.0\config_win\org.eclipse.equinox.launcher\org.eclipse.equinox.launcher.win32.win32.x86_64_1.2.400.v20210928-1041\eclipse_11600.dll
0x00007ffa97960000 - 0x00007ffa97a8a000 	C:\WINDOWS\System32\ole32.dll
0x00007ffa83a70000 - 0x00007ffa83a81000 	C:\Users\augul\AppData\Roaming\Code\User\globalStorage\redhat.java\1.0.0\config_win\org.eclipse.osgi\22\0\.cp\jWinHttp-1.0.0.dll

dbghelp: loaded successfully - version: 4.0.5 - missing functions: none
symbol engine: initialized successfully - sym options: 0x614 - pdb path: .;C:\Program Files\Java\jdk-15.0.1\bin;C:\WINDOWS\SYSTEM32;C:\WINDOWS\WinSxS\amd64_microsoft.windows.common-controls_6595b64144ccf1df_6.0.19041.1110_none_60b5254171f9507e;C:\Program Files\Java\jdk-15.0.1\bin\server;C:\Users\augul\AppData\Roaming\Code\User\globalStorage\redhat.java\1.0.0\config_win\org.eclipse.equinox.launcher\org.eclipse.equinox.launcher.win32.win32.x86_64_1.2.400.v20210928-1041;C:\Users\augul\AppData\Roaming\Code\User\globalStorage\redhat.java\1.0.0\config_win\org.eclipse.osgi\22\0\.cp

VM Arguments:
jvm_args: --add-modules=ALL-SYSTEM --add-opens=java.base/java.util=ALL-UNNAMED --add-opens=java.base/java.lang=ALL-UNNAMED -Declipse.application=org.eclipse.jdt.ls.core.id1 -Dosgi.bundles.defaultStartLevel=4 -Declipse.product=org.eclipse.jdt.ls.core.product -Dfile.encoding=utf8 -DwatchParentProcess=false -XX:+UseParallelGC -XX:GCTimeRatio=4 -XX:AdaptiveSizePolicyWeight=90 -Dsun.zip.disableMemoryMapping=true -Xmx1G -Xms100m -javaagent:c:\Users\augul\.vscode\extensions\gabrielbb.vscode-lombok-1.0.1\server\lombok.jar 
java_command: c:\Users\augul\.vscode\extensions\redhat.java-1.0.0\server\plugins\org.eclipse.equinox.launcher_1.6.400.v20210924-0641.jar -configuration c:\Users\augul\AppData\Roaming\Code\User\globalStorage\redhat.java\1.0.0\config_win -data c:\Users\augul\AppData\Roaming\Code\User\workspaceStorage\7f62dad54a09e7ae6ec3c85949ff076d\redhat.java\jdt_ws
java_class_path (initial): c:\Users\augul\.vscode\extensions\redhat.java-1.0.0\server\plugins\org.eclipse.equinox.launcher_1.6.400.v20210924-0641.jar
Launcher Type: SUN_STANDARD

[Global flags]
    uintx AdaptiveSizePolicyWeight                 = 90                                        {product} {command line}
     intx CICompilerCount                          = 4                                         {product} {ergonomic}
    uintx GCTimeRatio                              = 4                                         {product} {command line}
   size_t InitialHeapSize                          = 104857600                                 {product} {command line}
   size_t MaxHeapSize                              = 1073741824                                {product} {command line}
   size_t MaxNewSize                               = 357564416                                 {product} {ergonomic}
   size_t MinHeapDeltaBytes                        = 524288                                    {product} {ergonomic}
   size_t MinHeapSize                              = 104857600                                 {product} {command line}
   size_t NewSize                                  = 34603008                                  {product} {ergonomic}
    uintx NonNMethodCodeHeapSize                   = 5839372                                {pd product} {ergonomic}
    uintx NonProfiledCodeHeapSize                  = 122909434                              {pd product} {ergonomic}
   size_t OldSize                                  = 70254592                                  {product} {ergonomic}
    uintx ProfiledCodeHeapSize                     = 122909434                              {pd product} {ergonomic}
    uintx ReservedCodeCacheSize                    = 251658240                              {pd product} {ergonomic}
     bool SegmentedCodeCache                       = true                                      {product} {ergonomic}
   size_t SoftMaxHeapSize                          = 1073741824                             {manageable} {ergonomic}
     bool UseCompressedClassPointers               = true                                 {lp64_product} {ergonomic}
     bool UseCompressedOops                        = true                                 {lp64_product} {ergonomic}
     bool UseLargePagesIndividualAllocation        = false                                  {pd product} {ergonomic}
     bool UseParallelGC                            = true                                      {product} {command line}

Logging:
Log output configuration:
 #0: stdout all=warning uptime,level,tags
 #1: stderr all=off uptime,level,tags

Environment Variables:
PATH=C:\Python39\Scripts\;C:\Python39\;C:\Program Files\Common Files\Oracle\Java\javapath;C:\WINDOWS\system32;C:\WINDOWS;C:\WINDOWS\System32\Wbem;C:\WINDOWS\System32\WindowsPowerShell\v1.0\;C:\WINDOWS\System32\OpenSSH\;C:\Program Files (x86)\NVIDIA Corporation\PhysX\Common;C:\Program Files\NVIDIA Corporation\NVIDIA NvDLISR;C:\WINDOWS\system32;C:\WINDOWS;C:\WINDOWS\System32\Wbem;C:\WINDOWS\System32\WindowsPowerShell\v1.0\;C:\WINDOWS\System32\OpenSSH\;C:\Program Files\Microsoft SQL Server\130\Tools\Binn\;C:\Program Files\Microsoft SQL Server\Client SDK\ODBC\170\Tools\Binn\;C:\Program Files\Java\jdk-15.0.1\bin;C:\Program Files\Git\cmd;C:\Program Files\nodejs\;C:\ProgramData\chocolatey\bin;C:\kafka\bin\windows;C:\Program Files\dotnet\;C:\Users\augul\AppData\Local\Microsoft\WindowsApps;C:\Users\augul\AppData\Local\Programs\Microsoft VS Code\bin;C:\Users\augul\AppData\Roaming\npm;%KAFA_HOME%\bin\windows;C:\Users\augul\.dotnet\tools
USERNAME=augul
OS=Windows_NT
PROCESSOR_IDENTIFIER=Intel64 Family 6 Model 158 Stepping 9, GenuineIntel



---------------  S Y S T E M  ---------------

OS:
 Windows 10 , 64 bit Build 19041 (10.0.19041.1202)
OS uptime: 16 days 4:33 hours

CPU: total 8 (initial active 8) (4 cores per cpu, 2 threads per core) family 6 model 158 stepping 9 microcode 0xb4, cmov, cx8, fxsr, mmx, sse, sse2, sse3, ssse3, sse4.1, sse4.2, popcnt, vzeroupper, avx, avx2, aes, clmul, erms, 3dnowpref, lzcnt, ht, tsc, tscinvbit, bmi1, bmi2, adx, fma, clflush, clflushopt

Memory: 4k page, system-wide physical 32719M (22029M free)
TotalPageFile size 37583M (AvailPageFile size 22984M)
current process WorkingSet (physical memory assigned to process): 423M, peak: 434M
current process commit charge ("private bytes"): 507M, peak: 508M

vm_info: Java HotSpot(TM) 64-Bit Server VM (15.0.1+9-18) for windows-amd64 JRE (15.0.1+9-18), built on Sep 15 2020 14:43:54 by "mach5one" with unknown MS VC++:1925

END.
